-------------------------------------------------------------------------------
Test set: hello.ApplicationTest
-------------------------------------------------------------------------------
Tests run: 1, Failures: 0, Errors: 1, Skipped: 0, Time elapsed: 3.227 s <<< FAILURE! - in hello.ApplicationTest
initializationError(hello.ApplicationTest)  Time elapsed: 0.022 s  <<< ERROR!
org.springframework.beans.BeanInstantiationException: Failed to instantiate [org.springframework.boot.test.context.SpringBootContextLoader]: Unresolvable class definition; nested exception is java.lang.NoClassDefFoundError: org/springframework/context/ApplicationContextException
Caused by: java.lang.NoClassDefFoundError: org/springframework/context/ApplicationContextException
Caused by: java.lang.ClassNotFoundException: org.springframework.context.ApplicationContextException

