<?xml version="1.0" encoding="UTF-8"?>
<testsuite xmlns:xsi="http://www.w3.org/2001/XMLSchema-instance" xsi:noNamespaceSchemaLocation="https://maven.apache.org/surefire/maven-surefire-plugin/xsd/surefire-test-report.xsd" name="hello.ApplicationTest" time="3.227" tests="1" errors="1" skipped="0" failures="0">
  <properties>
[...]
</properties>
  <testcase name="initializationError" classname="hello.ApplicationTest" time="0.022">
    <error message="Failed to instantiate [org.springframework.boot.test.context.SpringBootContextLoader]: Unresolvable class definition; nested exception is java.lang.NoClassDefFoundError: org/springframework/context/ApplicationContextException" type="org.springframework.beans.BeanInstantiationException">org.springframework.beans.BeanInstantiationException: Failed to instantiate [org.springframework.boot.test.context.SpringBootContextLoader]: Unresolvable class definition; nested exception is java.lang.NoClassDefFoundError: org/springframework/context/ApplicationContextException
Caused by: java.lang.NoClassDefFoundError: org/springframework/context/ApplicationContextException
Caused by: java.lang.ClassNotFoundException: org.springframework.context.ApplicationContextException
</error>
    <system-out><![CDATA[23:22:23.286 [main] DEBUG org.springframework.test.context.junit4.SpringJUnit4ClassRunner - SpringJUnit4ClassRunner constructor called with [class hello.ApplicationTest]
23:22:23.331 [main] DEBUG org.springframework.test.context.BootstrapUtils - Instantiating CacheAwareContextLoaderDelegate from class [org.springframework.test.context.cache.DefaultCacheAwareContextLoaderDelegate]
23:22:23.385 [main] DEBUG org.springframework.test.context.BootstrapUtils - Instantiating BootstrapContext using constructor [public org.springframework.test.context.support.DefaultBootstrapContext(java.lang.Class,org.springframework.test.context.CacheAwareContextLoaderDelegate)]
23:22:23.437 [main] DEBUG org.springframework.test.context.BootstrapUtils - Instantiating TestContextBootstrapper for test class [hello.ApplicationTest] from class [org.springframework.boot.test.context.SpringBootTestContextBootstrapper]
]]></system-out>
  </testcase>
</testsuite>